xrun(64): 23.03-s004: (c) Copyright 1995-2023 Cadence Design Systems, Inc.
TOOL:	xrun(64)	23.03-s004: Started on Aug 08, 2023 at 20:24:47 -03
xrun
	alu.sv
	alu_test.v
DEFINE std       ./STD
|
xrun: *W,DLCPTH (/Tools/cadence/XCELIUMMAIN2303/tools/inca/files/cdsvhdl.lib,1): cds.lib Invalid path '/Tools/cadence/XCELIUMMAIN2303/tools/inca/files/STD' (cds.lib command ignored).
DEFINE synopsys  ./SYNOPSYS
|
xrun: *W,DLCPTH (/Tools/cadence/XCELIUMMAIN2303/tools/inca/files/cdsvhdl.lib,2): cds.lib Invalid path '/Tools/cadence/XCELIUMMAIN2303/tools/inca/files/SYNOPSYS' (cds.lib command ignored).
DEFINE ieee      ./IEEE
|
xrun: *W,DLCPTH (/Tools/cadence/XCELIUMMAIN2303/tools/inca/files/cdsvhdl.lib,3): cds.lib Invalid path '/Tools/cadence/XCELIUMMAIN2303/tools/inca/files/IEEE' (cds.lib command ignored).
DEFINE ambit     ./AMBIT
|
xrun: *W,DLCPTH (/Tools/cadence/XCELIUMMAIN2303/tools/inca/files/cdsvhdl.lib,4): cds.lib Invalid path '/Tools/cadence/XCELIUMMAIN2303/tools/inca/files/AMBIT' (cds.lib command ignored).
DEFINE vital_memory ./VITAL_MEMORY
|
xrun: *W,DLCPTH (/Tools/cadence/XCELIUMMAIN2303/tools/inca/files/cdsvhdl.lib,5): cds.lib Invalid path '/Tools/cadence/XCELIUMMAIN2303/tools/inca/files/VITAL_MEMORY' (cds.lib command ignored).
DEFINE ncutils ./NCUTILS
|
xrun: *W,DLCPTH (/Tools/cadence/XCELIUMMAIN2303/tools/inca/files/cdsvhdl.lib,6): cds.lib Invalid path '/Tools/cadence/XCELIUMMAIN2303/tools/inca/files/NCUTILS' (cds.lib command ignored).
DEFINE ncinternal ./NCINTERNAL
|
xrun: *W,DLCPTH (/Tools/cadence/XCELIUMMAIN2303/tools/inca/files/cdsvhdl.lib,7): cds.lib Invalid path '/Tools/cadence/XCELIUMMAIN2303/tools/inca/files/NCINTERNAL' (cds.lib command ignored).
DEFINE ncmodels ./NCMODELS
|
xrun: *W,DLCPTH (/Tools/cadence/XCELIUMMAIN2303/tools/inca/files/cdsvhdl.lib,8): cds.lib Invalid path '/Tools/cadence/XCELIUMMAIN2303/tools/inca/files/NCMODELS' (cds.lib command ignored).
DEFINE xmutils ./XMUTILS
|
xrun: *W,DLCPTH (/Tools/cadence/XCELIUMMAIN2303/tools/inca/files/cdsvhdl.lib,9): cds.lib Invalid path '/Tools/cadence/XCELIUMMAIN2303/tools/inca/files/XMUTILS' (cds.lib command ignored).
DEFINE xminternal ./XMINTERNAL
|
xrun: *W,DLCPTH (/Tools/cadence/XCELIUMMAIN2303/tools/inca/files/cdsvhdl.lib,10): cds.lib Invalid path '/Tools/cadence/XCELIUMMAIN2303/tools/inca/files/XMINTERNAL' (cds.lib command ignored).
DEFINE xmmodels ./XMMODELS
|
xrun: *W,DLCPTH (/Tools/cadence/XCELIUMMAIN2303/tools/inca/files/cdsvhdl.lib,11): cds.lib Invalid path '/Tools/cadence/XCELIUMMAIN2303/tools/inca/files/XMMODELS' (cds.lib command ignored).
DEFINE cds_assertions ./CDS_ASSERTIONS
|
xrun: *W,DLCPTH (/Tools/cadence/XCELIUMMAIN2303/tools/inca/files/cdsvhdl.lib,12): cds.lib Invalid path '/Tools/cadence/XCELIUMMAIN2303/tools/inca/files/CDS_ASSERTIONS' (cds.lib command ignored).
DEFINE cds_inhconn ./CDS_INHCONN
|
xrun: *W,DLCPTH (/Tools/cadence/XCELIUMMAIN2303/tools/inca/files/cdsvhdl.lib,13): cds.lib Invalid path '/Tools/cadence/XCELIUMMAIN2303/tools/inca/files/CDS_INHCONN' (cds.lib command ignored).
DEFINE cds_spicelib ./CDS_SPICELIB
|
xrun: *W,DLCPTH (/Tools/cadence/XCELIUMMAIN2303/tools/inca/files/cdsvhdl.lib,14): cds.lib Invalid path '/Tools/cadence/XCELIUMMAIN2303/tools/inca/files/CDS_SPICELIB' (cds.lib command ignored).
DEFINE cds_amsfunctions ./CDS_AMSFUNCTIONS
|
xrun: *W,DLCPTH (/Tools/cadence/XCELIUMMAIN2303/tools/inca/files/cdsvhdl.lib,15): cds.lib Invalid path '/Tools/cadence/XCELIUMMAIN2303/tools/inca/files/CDS_AMSFUNCTIONS' (cds.lib command ignored).
DEFINE std       ./STD
|
xrun: *W,DLCPTH (/Tools/cadence/XCELIUMMAIN2303/tools/inca/files/cdsvhdl.lib,1): cds.lib Invalid path '/Tools/cadence/XCELIUMMAIN2303/tools/inca/files/STD' (cds.lib command ignored).
DEFINE synopsys  ./SYNOPSYS
|
xrun: *W,DLCPTH (/Tools/cadence/XCELIUMMAIN2303/tools/inca/files/cdsvhdl.lib,2): cds.lib Invalid path '/Tools/cadence/XCELIUMMAIN2303/tools/inca/files/SYNOPSYS' (cds.lib command ignored).
DEFINE ieee      ./IEEE
|
xrun: *W,DLCPTH (/Tools/cadence/XCELIUMMAIN2303/tools/inca/files/cdsvhdl.lib,3): cds.lib Invalid path '/Tools/cadence/XCELIUMMAIN2303/tools/inca/files/IEEE' (cds.lib command ignored).
DEFINE ambit     ./AMBIT
|
xrun: *W,DLCPTH (/Tools/cadence/XCELIUMMAIN2303/tools/inca/files/cdsvhdl.lib,4): cds.lib Invalid path '/Tools/cadence/XCELIUMMAIN2303/tools/inca/files/AMBIT' (cds.lib command ignored).
DEFINE vital_memory ./VITAL_MEMORY
|
xrun: *W,DLCPTH (/Tools/cadence/XCELIUMMAIN2303/tools/inca/files/cdsvhdl.lib,5): cds.lib Invalid path '/Tools/cadence/XCELIUMMAIN2303/tools/inca/files/VITAL_MEMORY' (cds.lib command ignored).
DEFINE ncutils ./NCUTILS
|
xrun: *W,DLCPTH (/Tools/cadence/XCELIUMMAIN2303/tools/inca/files/cdsvhdl.lib,6): cds.lib Invalid path '/Tools/cadence/XCELIUMMAIN2303/tools/inca/files/NCUTILS' (cds.lib command ignored).
DEFINE ncinternal ./NCINTERNAL
|
xrun: *W,DLCPTH (/Tools/cadence/XCELIUMMAIN2303/tools/inca/files/cdsvhdl.lib,7): cds.lib Invalid path '/Tools/cadence/XCELIUMMAIN2303/tools/inca/files/NCINTERNAL' (cds.lib command ignored).
DEFINE ncmodels ./NCMODELS
|
xrun: *W,DLCPTH (/Tools/cadence/XCELIUMMAIN2303/tools/inca/files/cdsvhdl.lib,8): cds.lib Invalid path '/Tools/cadence/XCELIUMMAIN2303/tools/inca/files/NCMODELS' (cds.lib command ignored).
DEFINE xmutils ./XMUTILS
|
xrun: *W,DLCPTH (/Tools/cadence/XCELIUMMAIN2303/tools/inca/files/cdsvhdl.lib,9): cds.lib Invalid path '/Tools/cadence/XCELIUMMAIN2303/tools/inca/files/XMUTILS' (cds.lib command ignored).
DEFINE xminternal ./XMINTERNAL
|
xrun: *W,DLCPTH (/Tools/cadence/XCELIUMMAIN2303/tools/inca/files/cdsvhdl.lib,10): cds.lib Invalid path '/Tools/cadence/XCELIUMMAIN2303/tools/inca/files/XMINTERNAL' (cds.lib command ignored).
DEFINE xmmodels ./XMMODELS
|
xrun: *W,DLCPTH (/Tools/cadence/XCELIUMMAIN2303/tools/inca/files/cdsvhdl.lib,11): cds.lib Invalid path '/Tools/cadence/XCELIUMMAIN2303/tools/inca/files/XMMODELS' (cds.lib command ignored).
DEFINE cds_assertions ./CDS_ASSERTIONS
|
xrun: *W,DLCPTH (/Tools/cadence/XCELIUMMAIN2303/tools/inca/files/cdsvhdl.lib,12): cds.lib Invalid path '/Tools/cadence/XCELIUMMAIN2303/tools/inca/files/CDS_ASSERTIONS' (cds.lib command ignored).
DEFINE cds_inhconn ./CDS_INHCONN
|
xrun: *W,DLCPTH (/Tools/cadence/XCELIUMMAIN2303/tools/inca/files/cdsvhdl.lib,13): cds.lib Invalid path '/Tools/cadence/XCELIUMMAIN2303/tools/inca/files/CDS_INHCONN' (cds.lib command ignored).
DEFINE cds_spicelib ./CDS_SPICELIB
|
xrun: *W,DLCPTH (/Tools/cadence/XCELIUMMAIN2303/tools/inca/files/cdsvhdl.lib,14): cds.lib Invalid path '/Tools/cadence/XCELIUMMAIN2303/tools/inca/files/CDS_SPICELIB' (cds.lib command ignored).
DEFINE cds_amsfunctions ./CDS_AMSFUNCTIONS
|
xrun: *W,DLCPTH (/Tools/cadence/XCELIUMMAIN2303/tools/inca/files/cdsvhdl.lib,15): cds.lib Invalid path '/Tools/cadence/XCELIUMMAIN2303/tools/inca/files/CDS_AMSFUNCTIONS' (cds.lib command ignored).
DEFINE std       ./STD
|
xrun: *W,DLCPTH (/Tools/cadence/XCELIUMMAIN2303/tools/inca/files/cdsvhdl.lib,1): cds.lib Invalid path '/Tools/cadence/XCELIUMMAIN2303/tools/inca/files/STD' (cds.lib command ignored).
DEFINE synopsys  ./SYNOPSYS
|
xrun: *W,DLCPTH (/Tools/cadence/XCELIUMMAIN2303/tools/inca/files/cdsvhdl.lib,2): cds.lib Invalid path '/Tools/cadence/XCELIUMMAIN2303/tools/inca/files/SYNOPSYS' (cds.lib command ignored).
DEFINE ieee      ./IEEE
|
xrun: *W,DLCPTH (/Tools/cadence/XCELIUMMAIN2303/tools/inca/files/cdsvhdl.lib,3): cds.lib Invalid path '/Tools/cadence/XCELIUMMAIN2303/tools/inca/files/IEEE' (cds.lib command ignored).
DEFINE ambit     ./AMBIT
|
xrun: *W,DLCPTH (/Tools/cadence/XCELIUMMAIN2303/tools/inca/files/cdsvhdl.lib,4): cds.lib Invalid path '/Tools/cadence/XCELIUMMAIN2303/tools/inca/files/AMBIT' (cds.lib command ignored).
DEFINE vital_memory ./VITAL_MEMORY
|
xrun: *W,DLCPTH (/Tools/cadence/XCELIUMMAIN2303/tools/inca/files/cdsvhdl.lib,5): cds.lib Invalid path '/Tools/cadence/XCELIUMMAIN2303/tools/inca/files/VITAL_MEMORY' (cds.lib command ignored).
DEFINE ncutils ./NCUTILS
|
xrun: *W,DLCPTH (/Tools/cadence/XCELIUMMAIN2303/tools/inca/files/cdsvhdl.lib,6): cds.lib Invalid path '/Tools/cadence/XCELIUMMAIN2303/tools/inca/files/NCUTILS' (cds.lib command ignored).
DEFINE ncinternal ./NCINTERNAL
|
xrun: *W,DLCPTH (/Tools/cadence/XCELIUMMAIN2303/tools/inca/files/cdsvhdl.lib,7): cds.lib Invalid path '/Tools/cadence/XCELIUMMAIN2303/tools/inca/files/NCINTERNAL' (cds.lib command ignored).
DEFINE ncmodels ./NCMODELS
|
xrun: *W,DLCPTH (/Tools/cadence/XCELIUMMAIN2303/tools/inca/files/cdsvhdl.lib,8): cds.lib Invalid path '/Tools/cadence/XCELIUMMAIN2303/tools/inca/files/NCMODELS' (cds.lib command ignored).
DEFINE xmutils ./XMUTILS
|
xrun: *W,DLCPTH (/Tools/cadence/XCELIUMMAIN2303/tools/inca/files/cdsvhdl.lib,9): cds.lib Invalid path '/Tools/cadence/XCELIUMMAIN2303/tools/inca/files/XMUTILS' (cds.lib command ignored).
DEFINE xminternal ./XMINTERNAL
|
xrun: *W,DLCPTH (/Tools/cadence/XCELIUMMAIN2303/tools/inca/files/cdsvhdl.lib,10): cds.lib Invalid path '/Tools/cadence/XCELIUMMAIN2303/tools/inca/files/XMINTERNAL' (cds.lib command ignored).
DEFINE xmmodels ./XMMODELS
|
xrun: *W,DLCPTH (/Tools/cadence/XCELIUMMAIN2303/tools/inca/files/cdsvhdl.lib,11): cds.lib Invalid path '/Tools/cadence/XCELIUMMAIN2303/tools/inca/files/XMMODELS' (cds.lib command ignored).
DEFINE cds_assertions ./CDS_ASSERTIONS
|
xrun: *W,DLCPTH (/Tools/cadence/XCELIUMMAIN2303/tools/inca/files/cdsvhdl.lib,12): cds.lib Invalid path '/Tools/cadence/XCELIUMMAIN2303/tools/inca/files/CDS_ASSERTIONS' (cds.lib command ignored).
DEFINE cds_inhconn ./CDS_INHCONN
|
xrun: *W,DLCPTH (/Tools/cadence/XCELIUMMAIN2303/tools/inca/files/cdsvhdl.lib,13): cds.lib Invalid path '/Tools/cadence/XCELIUMMAIN2303/tools/inca/files/CDS_INHCONN' (cds.lib command ignored).
DEFINE cds_spicelib ./CDS_SPICELIB
|
xrun: *W,DLCPTH (/Tools/cadence/XCELIUMMAIN2303/tools/inca/files/cdsvhdl.lib,14): cds.lib Invalid path '/Tools/cadence/XCELIUMMAIN2303/tools/inca/files/CDS_SPICELIB' (cds.lib command ignored).
DEFINE cds_amsfunctions ./CDS_AMSFUNCTIONS
|
xrun: *W,DLCPTH (/Tools/cadence/XCELIUMMAIN2303/tools/inca/files/cdsvhdl.lib,15): cds.lib Invalid path '/Tools/cadence/XCELIUMMAIN2303/tools/inca/files/CDS_AMSFUNCTIONS' (cds.lib command ignored).
DEFINE std       ./STD
|
xrun: *W,DLCPTH (/Tools/cadence/XCELIUMMAIN2303/tools/inca/files/cdsvhdl.lib,1): cds.lib Invalid path '/Tools/cadence/XCELIUMMAIN2303/tools/inca/files/STD' (cds.lib command ignored).
DEFINE synopsys  ./SYNOPSYS
|
xrun: *W,DLCPTH (/Tools/cadence/XCELIUMMAIN2303/tools/inca/files/cdsvhdl.lib,2): cds.lib Invalid path '/Tools/cadence/XCELIUMMAIN2303/tools/inca/files/SYNOPSYS' (cds.lib command ignored).
DEFINE ieee      ./IEEE
|
xrun: *W,DLCPTH (/Tools/cadence/XCELIUMMAIN2303/tools/inca/files/cdsvhdl.lib,3): cds.lib Invalid path '/Tools/cadence/XCELIUMMAIN2303/tools/inca/files/IEEE' (cds.lib command ignored).
DEFINE ambit     ./AMBIT
|
xrun: *W,DLCPTH (/Tools/cadence/XCELIUMMAIN2303/tools/inca/files/cdsvhdl.lib,4): cds.lib Invalid path '/Tools/cadence/XCELIUMMAIN2303/tools/inca/files/AMBIT' (cds.lib command ignored).
DEFINE vital_memory ./VITAL_MEMORY
|
xrun: *W,DLCPTH (/Tools/cadence/XCELIUMMAIN2303/tools/inca/files/cdsvhdl.lib,5): cds.lib Invalid path '/Tools/cadence/XCELIUMMAIN2303/tools/inca/files/VITAL_MEMORY' (cds.lib command ignored).
DEFINE ncutils ./NCUTILS
|
xrun: *W,DLCPTH (/Tools/cadence/XCELIUMMAIN2303/tools/inca/files/cdsvhdl.lib,6): cds.lib Invalid path '/Tools/cadence/XCELIUMMAIN2303/tools/inca/files/NCUTILS' (cds.lib command ignored).
DEFINE ncinternal ./NCINTERNAL
|
xrun: *W,DLCPTH (/Tools/cadence/XCELIUMMAIN2303/tools/inca/files/cdsvhdl.lib,7): cds.lib Invalid path '/Tools/cadence/XCELIUMMAIN2303/tools/inca/files/NCINTERNAL' (cds.lib command ignored).
DEFINE ncmodels ./NCMODELS
|
xrun: *W,DLCPTH (/Tools/cadence/XCELIUMMAIN2303/tools/inca/files/cdsvhdl.lib,8): cds.lib Invalid path '/Tools/cadence/XCELIUMMAIN2303/tools/inca/files/NCMODELS' (cds.lib command ignored).
DEFINE xmutils ./XMUTILS
|
xrun: *W,DLCPTH (/Tools/cadence/XCELIUMMAIN2303/tools/inca/files/cdsvhdl.lib,9): cds.lib Invalid path '/Tools/cadence/XCELIUMMAIN2303/tools/inca/files/XMUTILS' (cds.lib command ignored).
DEFINE xminternal ./XMINTERNAL
|
xrun: *W,DLCPTH (/Tools/cadence/XCELIUMMAIN2303/tools/inca/files/cdsvhdl.lib,10): cds.lib Invalid path '/Tools/cadence/XCELIUMMAIN2303/tools/inca/files/XMINTERNAL' (cds.lib command ignored).
DEFINE xmmodels ./XMMODELS
|
xrun: *W,DLCPTH (/Tools/cadence/XCELIUMMAIN2303/tools/inca/files/cdsvhdl.lib,11): cds.lib Invalid path '/Tools/cadence/XCELIUMMAIN2303/tools/inca/files/XMMODELS' (cds.lib command ignored).
DEFINE cds_assertions ./CDS_ASSERTIONS
|
xrun: *W,DLCPTH (/Tools/cadence/XCELIUMMAIN2303/tools/inca/files/cdsvhdl.lib,12): cds.lib Invalid path '/Tools/cadence/XCELIUMMAIN2303/tools/inca/files/CDS_ASSERTIONS' (cds.lib command ignored).
DEFINE cds_inhconn ./CDS_INHCONN
|
xrun: *W,DLCPTH (/Tools/cadence/XCELIUMMAIN2303/tools/inca/files/cdsvhdl.lib,13): cds.lib Invalid path '/Tools/cadence/XCELIUMMAIN2303/tools/inca/files/CDS_INHCONN' (cds.lib command ignored).
DEFINE cds_spicelib ./CDS_SPICELIB
|
xrun: *W,DLCPTH (/Tools/cadence/XCELIUMMAIN2303/tools/inca/files/cdsvhdl.lib,14): cds.lib Invalid path '/Tools/cadence/XCELIUMMAIN2303/tools/inca/files/CDS_SPICELIB' (cds.lib command ignored).
DEFINE cds_amsfunctions ./CDS_AMSFUNCTIONS
|
xrun: *W,DLCPTH (/Tools/cadence/XCELIUMMAIN2303/tools/inca/files/cdsvhdl.lib,15): cds.lib Invalid path '/Tools/cadence/XCELIUMMAIN2303/tools/inca/files/CDS_AMSFUNCTIONS' (cds.lib command ignored).
Recompiling... reason: file './alu_test.v' is newer than expected.
	expected: Mon Aug  7 14:55:06 2023
	actual:   Tue Aug  8 20:24:44 2023
DEFINE std       ./STD
|
xrun: *W,DLCPTH (/Tools/cadence/XCELIUMMAIN2303/tools/inca/files/cdsvhdl.lib,1): cds.lib Invalid path '/Tools/cadence/XCELIUMMAIN2303/tools/inca/files/STD' (cds.lib command ignored).
DEFINE synopsys  ./SYNOPSYS
|
xrun: *W,DLCPTH (/Tools/cadence/XCELIUMMAIN2303/tools/inca/files/cdsvhdl.lib,2): cds.lib Invalid path '/Tools/cadence/XCELIUMMAIN2303/tools/inca/files/SYNOPSYS' (cds.lib command ignored).
DEFINE ieee      ./IEEE
|
xrun: *W,DLCPTH (/Tools/cadence/XCELIUMMAIN2303/tools/inca/files/cdsvhdl.lib,3): cds.lib Invalid path '/Tools/cadence/XCELIUMMAIN2303/tools/inca/files/IEEE' (cds.lib command ignored).
DEFINE ambit     ./AMBIT
|
xrun: *W,DLCPTH (/Tools/cadence/XCELIUMMAIN2303/tools/inca/files/cdsvhdl.lib,4): cds.lib Invalid path '/Tools/cadence/XCELIUMMAIN2303/tools/inca/files/AMBIT' (cds.lib command ignored).
DEFINE vital_memory ./VITAL_MEMORY
|
xrun: *W,DLCPTH (/Tools/cadence/XCELIUMMAIN2303/tools/inca/files/cdsvhdl.lib,5): cds.lib Invalid path '/Tools/cadence/XCELIUMMAIN2303/tools/inca/files/VITAL_MEMORY' (cds.lib command ignored).
DEFINE ncutils ./NCUTILS
|
xrun: *W,DLCPTH (/Tools/cadence/XCELIUMMAIN2303/tools/inca/files/cdsvhdl.lib,6): cds.lib Invalid path '/Tools/cadence/XCELIUMMAIN2303/tools/inca/files/NCUTILS' (cds.lib command ignored).
DEFINE ncinternal ./NCINTERNAL
|
xrun: *W,DLCPTH (/Tools/cadence/XCELIUMMAIN2303/tools/inca/files/cdsvhdl.lib,7): cds.lib Invalid path '/Tools/cadence/XCELIUMMAIN2303/tools/inca/files/NCINTERNAL' (cds.lib command ignored).
DEFINE ncmodels ./NCMODELS
|
xrun: *W,DLCPTH (/Tools/cadence/XCELIUMMAIN2303/tools/inca/files/cdsvhdl.lib,8): cds.lib Invalid path '/Tools/cadence/XCELIUMMAIN2303/tools/inca/files/NCMODELS' (cds.lib command ignored).
DEFINE xmutils ./XMUTILS
|
xrun: *W,DLCPTH (/Tools/cadence/XCELIUMMAIN2303/tools/inca/files/cdsvhdl.lib,9): cds.lib Invalid path '/Tools/cadence/XCELIUMMAIN2303/tools/inca/files/XMUTILS' (cds.lib command ignored).
DEFINE xminternal ./XMINTERNAL
|
xrun: *W,DLCPTH (/Tools/cadence/XCELIUMMAIN2303/tools/inca/files/cdsvhdl.lib,10): cds.lib Invalid path '/Tools/cadence/XCELIUMMAIN2303/tools/inca/files/XMINTERNAL' (cds.lib command ignored).
DEFINE xmmodels ./XMMODELS
|
xrun: *W,DLCPTH (/Tools/cadence/XCELIUMMAIN2303/tools/inca/files/cdsvhdl.lib,11): cds.lib Invalid path '/Tools/cadence/XCELIUMMAIN2303/tools/inca/files/XMMODELS' (cds.lib command ignored).
DEFINE cds_assertions ./CDS_ASSERTIONS
|
xrun: *W,DLCPTH (/Tools/cadence/XCELIUMMAIN2303/tools/inca/files/cdsvhdl.lib,12): cds.lib Invalid path '/Tools/cadence/XCELIUMMAIN2303/tools/inca/files/CDS_ASSERTIONS' (cds.lib command ignored).
DEFINE cds_inhconn ./CDS_INHCONN
|
xrun: *W,DLCPTH (/Tools/cadence/XCELIUMMAIN2303/tools/inca/files/cdsvhdl.lib,13): cds.lib Invalid path '/Tools/cadence/XCELIUMMAIN2303/tools/inca/files/CDS_INHCONN' (cds.lib command ignored).
DEFINE cds_spicelib ./CDS_SPICELIB
|
xrun: *W,DLCPTH (/Tools/cadence/XCELIUMMAIN2303/tools/inca/files/cdsvhdl.lib,14): cds.lib Invalid path '/Tools/cadence/XCELIUMMAIN2303/tools/inca/files/CDS_SPICELIB' (cds.lib command ignored).
DEFINE cds_amsfunctions ./CDS_AMSFUNCTIONS
|
xrun: *W,DLCPTH (/Tools/cadence/XCELIUMMAIN2303/tools/inca/files/cdsvhdl.lib,15): cds.lib Invalid path '/Tools/cadence/XCELIUMMAIN2303/tools/inca/files/CDS_AMSFUNCTIONS' (cds.lib command ignored).
DEFINE std       ./STD
|
xmvlog: *W,DLCPTH (/Tools/cadence/XCELIUMMAIN2303/tools/inca/files/cdsvhdl.lib,1): cds.lib Invalid path '/Tools/cadence/XCELIUMMAIN2303/tools/inca/files/STD' (cds.lib command ignored).
DEFINE synopsys  ./SYNOPSYS
|
xmvlog: *W,DLCPTH (/Tools/cadence/XCELIUMMAIN2303/tools/inca/files/cdsvhdl.lib,2): cds.lib Invalid path '/Tools/cadence/XCELIUMMAIN2303/tools/inca/files/SYNOPSYS' (cds.lib command ignored).
DEFINE ieee      ./IEEE
|
xmvlog: *W,DLCPTH (/Tools/cadence/XCELIUMMAIN2303/tools/inca/files/cdsvhdl.lib,3): cds.lib Invalid path '/Tools/cadence/XCELIUMMAIN2303/tools/inca/files/IEEE' (cds.lib command ignored).
DEFINE ambit     ./AMBIT
|
xmvlog: *W,DLCPTH (/Tools/cadence/XCELIUMMAIN2303/tools/inca/files/cdsvhdl.lib,4): cds.lib Invalid path '/Tools/cadence/XCELIUMMAIN2303/tools/inca/files/AMBIT' (cds.lib command ignored).
DEFINE vital_memory ./VITAL_MEMORY
|
xmvlog: *W,DLCPTH (/Tools/cadence/XCELIUMMAIN2303/tools/inca/files/cdsvhdl.lib,5): cds.lib Invalid path '/Tools/cadence/XCELIUMMAIN2303/tools/inca/files/VITAL_MEMORY' (cds.lib command ignored).
DEFINE ncutils ./NCUTILS
|
xmvlog: *W,DLCPTH (/Tools/cadence/XCELIUMMAIN2303/tools/inca/files/cdsvhdl.lib,6): cds.lib Invalid path '/Tools/cadence/XCELIUMMAIN2303/tools/inca/files/NCUTILS' (cds.lib command ignored).
DEFINE ncinternal ./NCINTERNAL
|
xmvlog: *W,DLCPTH (/Tools/cadence/XCELIUMMAIN2303/tools/inca/files/cdsvhdl.lib,7): cds.lib Invalid path '/Tools/cadence/XCELIUMMAIN2303/tools/inca/files/NCINTERNAL' (cds.lib command ignored).
DEFINE ncmodels ./NCMODELS
|
xmvlog: *W,DLCPTH (/Tools/cadence/XCELIUMMAIN2303/tools/inca/files/cdsvhdl.lib,8): cds.lib Invalid path '/Tools/cadence/XCELIUMMAIN2303/tools/inca/files/NCMODELS' (cds.lib command ignored).
DEFINE xmutils ./XMUTILS
|
xmvlog: *W,DLCPTH (/Tools/cadence/XCELIUMMAIN2303/tools/inca/files/cdsvhdl.lib,9): cds.lib Invalid path '/Tools/cadence/XCELIUMMAIN2303/tools/inca/files/XMUTILS' (cds.lib command ignored).
DEFINE xminternal ./XMINTERNAL
|
xmvlog: *W,DLCPTH (/Tools/cadence/XCELIUMMAIN2303/tools/inca/files/cdsvhdl.lib,10): cds.lib Invalid path '/Tools/cadence/XCELIUMMAIN2303/tools/inca/files/XMINTERNAL' (cds.lib command ignored).
DEFINE xmmodels ./XMMODELS
|
xmvlog: *W,DLCPTH (/Tools/cadence/XCELIUMMAIN2303/tools/inca/files/cdsvhdl.lib,11): cds.lib Invalid path '/Tools/cadence/XCELIUMMAIN2303/tools/inca/files/XMMODELS' (cds.lib command ignored).
DEFINE cds_assertions ./CDS_ASSERTIONS
|
xmvlog: *W,DLCPTH (/Tools/cadence/XCELIUMMAIN2303/tools/inca/files/cdsvhdl.lib,12): cds.lib Invalid path '/Tools/cadence/XCELIUMMAIN2303/tools/inca/files/CDS_ASSERTIONS' (cds.lib command ignored).
DEFINE cds_inhconn ./CDS_INHCONN
|
xmvlog: *W,DLCPTH (/Tools/cadence/XCELIUMMAIN2303/tools/inca/files/cdsvhdl.lib,13): cds.lib Invalid path '/Tools/cadence/XCELIUMMAIN2303/tools/inca/files/CDS_INHCONN' (cds.lib command ignored).
DEFINE cds_spicelib ./CDS_SPICELIB
|
xmvlog: *W,DLCPTH (/Tools/cadence/XCELIUMMAIN2303/tools/inca/files/cdsvhdl.lib,14): cds.lib Invalid path '/Tools/cadence/XCELIUMMAIN2303/tools/inca/files/CDS_SPICELIB' (cds.lib command ignored).
DEFINE cds_amsfunctions ./CDS_AMSFUNCTIONS
|
xmvlog: *W,DLCPTH (/Tools/cadence/XCELIUMMAIN2303/tools/inca/files/cdsvhdl.lib,15): cds.lib Invalid path '/Tools/cadence/XCELIUMMAIN2303/tools/inca/files/CDS_AMSFUNCTIONS' (cds.lib command ignored).
file: alu_test.v
	module worklib.alu_test:v
		errors: 0, warnings: 0
	Total errors/warnings found outside modules and primitives:
		errors: 0, warnings: 15
DEFINE std       ./STD
|
xrun: *W,DLCPTH (/Tools/cadence/XCELIUMMAIN2303/tools/inca/files/cdsvhdl.lib,1): cds.lib Invalid path '/Tools/cadence/XCELIUMMAIN2303/tools/inca/files/STD' (cds.lib command ignored).
DEFINE synopsys  ./SYNOPSYS
|
xrun: *W,DLCPTH (/Tools/cadence/XCELIUMMAIN2303/tools/inca/files/cdsvhdl.lib,2): cds.lib Invalid path '/Tools/cadence/XCELIUMMAIN2303/tools/inca/files/SYNOPSYS' (cds.lib command ignored).
DEFINE ieee      ./IEEE
|
xrun: *W,DLCPTH (/Tools/cadence/XCELIUMMAIN2303/tools/inca/files/cdsvhdl.lib,3): cds.lib Invalid path '/Tools/cadence/XCELIUMMAIN2303/tools/inca/files/IEEE' (cds.lib command ignored).
DEFINE ambit     ./AMBIT
|
xrun: *W,DLCPTH (/Tools/cadence/XCELIUMMAIN2303/tools/inca/files/cdsvhdl.lib,4): cds.lib Invalid path '/Tools/cadence/XCELIUMMAIN2303/tools/inca/files/AMBIT' (cds.lib command ignored).
DEFINE vital_memory ./VITAL_MEMORY
|
xrun: *W,DLCPTH (/Tools/cadence/XCELIUMMAIN2303/tools/inca/files/cdsvhdl.lib,5): cds.lib Invalid path '/Tools/cadence/XCELIUMMAIN2303/tools/inca/files/VITAL_MEMORY' (cds.lib command ignored).
DEFINE ncutils ./NCUTILS
|
xrun: *W,DLCPTH (/Tools/cadence/XCELIUMMAIN2303/tools/inca/files/cdsvhdl.lib,6): cds.lib Invalid path '/Tools/cadence/XCELIUMMAIN2303/tools/inca/files/NCUTILS' (cds.lib command ignored).
DEFINE ncinternal ./NCINTERNAL
|
xrun: *W,DLCPTH (/Tools/cadence/XCELIUMMAIN2303/tools/inca/files/cdsvhdl.lib,7): cds.lib Invalid path '/Tools/cadence/XCELIUMMAIN2303/tools/inca/files/NCINTERNAL' (cds.lib command ignored).
DEFINE ncmodels ./NCMODELS
|
xrun: *W,DLCPTH (/Tools/cadence/XCELIUMMAIN2303/tools/inca/files/cdsvhdl.lib,8): cds.lib Invalid path '/Tools/cadence/XCELIUMMAIN2303/tools/inca/files/NCMODELS' (cds.lib command ignored).
DEFINE xmutils ./XMUTILS
|
xrun: *W,DLCPTH (/Tools/cadence/XCELIUMMAIN2303/tools/inca/files/cdsvhdl.lib,9): cds.lib Invalid path '/Tools/cadence/XCELIUMMAIN2303/tools/inca/files/XMUTILS' (cds.lib command ignored).
DEFINE xminternal ./XMINTERNAL
|
xrun: *W,DLCPTH (/Tools/cadence/XCELIUMMAIN2303/tools/inca/files/cdsvhdl.lib,10): cds.lib Invalid path '/Tools/cadence/XCELIUMMAIN2303/tools/inca/files/XMINTERNAL' (cds.lib command ignored).
DEFINE xmmodels ./XMMODELS
|
xrun: *W,DLCPTH (/Tools/cadence/XCELIUMMAIN2303/tools/inca/files/cdsvhdl.lib,11): cds.lib Invalid path '/Tools/cadence/XCELIUMMAIN2303/tools/inca/files/XMMODELS' (cds.lib command ignored).
DEFINE cds_assertions ./CDS_ASSERTIONS
|
xrun: *W,DLCPTH (/Tools/cadence/XCELIUMMAIN2303/tools/inca/files/cdsvhdl.lib,12): cds.lib Invalid path '/Tools/cadence/XCELIUMMAIN2303/tools/inca/files/CDS_ASSERTIONS' (cds.lib command ignored).
DEFINE cds_inhconn ./CDS_INHCONN
|
xrun: *W,DLCPTH (/Tools/cadence/XCELIUMMAIN2303/tools/inca/files/cdsvhdl.lib,13): cds.lib Invalid path '/Tools/cadence/XCELIUMMAIN2303/tools/inca/files/CDS_INHCONN' (cds.lib command ignored).
DEFINE cds_spicelib ./CDS_SPICELIB
|
xrun: *W,DLCPTH (/Tools/cadence/XCELIUMMAIN2303/tools/inca/files/cdsvhdl.lib,14): cds.lib Invalid path '/Tools/cadence/XCELIUMMAIN2303/tools/inca/files/CDS_SPICELIB' (cds.lib command ignored).
DEFINE cds_amsfunctions ./CDS_AMSFUNCTIONS
|
xrun: *W,DLCPTH (/Tools/cadence/XCELIUMMAIN2303/tools/inca/files/cdsvhdl.lib,15): cds.lib Invalid path '/Tools/cadence/XCELIUMMAIN2303/tools/inca/files/CDS_AMSFUNCTIONS' (cds.lib command ignored).
DEFINE std       ./STD
|
xrun: *W,DLCPTH (/Tools/cadence/XCELIUMMAIN2303/tools/inca/files/cdsvhdl.lib,1): cds.lib Invalid path '/Tools/cadence/XCELIUMMAIN2303/tools/inca/files/STD' (cds.lib command ignored).
DEFINE synopsys  ./SYNOPSYS
|
xrun: *W,DLCPTH (/Tools/cadence/XCELIUMMAIN2303/tools/inca/files/cdsvhdl.lib,2): cds.lib Invalid path '/Tools/cadence/XCELIUMMAIN2303/tools/inca/files/SYNOPSYS' (cds.lib command ignored).
DEFINE ieee      ./IEEE
|
xrun: *W,DLCPTH (/Tools/cadence/XCELIUMMAIN2303/tools/inca/files/cdsvhdl.lib,3): cds.lib Invalid path '/Tools/cadence/XCELIUMMAIN2303/tools/inca/files/IEEE' (cds.lib command ignored).
DEFINE ambit     ./AMBIT
|
xrun: *W,DLCPTH (/Tools/cadence/XCELIUMMAIN2303/tools/inca/files/cdsvhdl.lib,4): cds.lib Invalid path '/Tools/cadence/XCELIUMMAIN2303/tools/inca/files/AMBIT' (cds.lib command ignored).
DEFINE vital_memory ./VITAL_MEMORY
|
xrun: *W,DLCPTH (/Tools/cadence/XCELIUMMAIN2303/tools/inca/files/cdsvhdl.lib,5): cds.lib Invalid path '/Tools/cadence/XCELIUMMAIN2303/tools/inca/files/VITAL_MEMORY' (cds.lib command ignored).
DEFINE ncutils ./NCUTILS
|
xrun: *W,DLCPTH (/Tools/cadence/XCELIUMMAIN2303/tools/inca/files/cdsvhdl.lib,6): cds.lib Invalid path '/Tools/cadence/XCELIUMMAIN2303/tools/inca/files/NCUTILS' (cds.lib command ignored).
DEFINE ncinternal ./NCINTERNAL
|
xrun: *W,DLCPTH (/Tools/cadence/XCELIUMMAIN2303/tools/inca/files/cdsvhdl.lib,7): cds.lib Invalid path '/Tools/cadence/XCELIUMMAIN2303/tools/inca/files/NCINTERNAL' (cds.lib command ignored).
DEFINE ncmodels ./NCMODELS
|
xrun: *W,DLCPTH (/Tools/cadence/XCELIUMMAIN2303/tools/inca/files/cdsvhdl.lib,8): cds.lib Invalid path '/Tools/cadence/XCELIUMMAIN2303/tools/inca/files/NCMODELS' (cds.lib command ignored).
DEFINE xmutils ./XMUTILS
|
xrun: *W,DLCPTH (/Tools/cadence/XCELIUMMAIN2303/tools/inca/files/cdsvhdl.lib,9): cds.lib Invalid path '/Tools/cadence/XCELIUMMAIN2303/tools/inca/files/XMUTILS' (cds.lib command ignored).
DEFINE xminternal ./XMINTERNAL
|
xrun: *W,DLCPTH (/Tools/cadence/XCELIUMMAIN2303/tools/inca/files/cdsvhdl.lib,10): cds.lib Invalid path '/Tools/cadence/XCELIUMMAIN2303/tools/inca/files/XMINTERNAL' (cds.lib command ignored).
DEFINE xmmodels ./XMMODELS
|
xrun: *W,DLCPTH (/Tools/cadence/XCELIUMMAIN2303/tools/inca/files/cdsvhdl.lib,11): cds.lib Invalid path '/Tools/cadence/XCELIUMMAIN2303/tools/inca/files/XMMODELS' (cds.lib command ignored).
DEFINE cds_assertions ./CDS_ASSERTIONS
|
xrun: *W,DLCPTH (/Tools/cadence/XCELIUMMAIN2303/tools/inca/files/cdsvhdl.lib,12): cds.lib Invalid path '/Tools/cadence/XCELIUMMAIN2303/tools/inca/files/CDS_ASSERTIONS' (cds.lib command ignored).
DEFINE cds_inhconn ./CDS_INHCONN
|
xrun: *W,DLCPTH (/Tools/cadence/XCELIUMMAIN2303/tools/inca/files/cdsvhdl.lib,13): cds.lib Invalid path '/Tools/cadence/XCELIUMMAIN2303/tools/inca/files/CDS_INHCONN' (cds.lib command ignored).
DEFINE cds_spicelib ./CDS_SPICELIB
|
xrun: *W,DLCPTH (/Tools/cadence/XCELIUMMAIN2303/tools/inca/files/cdsvhdl.lib,14): cds.lib Invalid path '/Tools/cadence/XCELIUMMAIN2303/tools/inca/files/CDS_SPICELIB' (cds.lib command ignored).
DEFINE cds_amsfunctions ./CDS_AMSFUNCTIONS
|
xrun: *W,DLCPTH (/Tools/cadence/XCELIUMMAIN2303/tools/inca/files/cdsvhdl.lib,15): cds.lib Invalid path '/Tools/cadence/XCELIUMMAIN2303/tools/inca/files/CDS_AMSFUNCTIONS' (cds.lib command ignored).
DEFINE std       ./STD
|
xmelab: *W,DLCPTH (/Tools/cadence/XCELIUMMAIN2303/tools/inca/files/cdsvhdl.lib,1): cds.lib Invalid path '/Tools/cadence/XCELIUMMAIN2303/tools/inca/files/STD' (cds.lib command ignored).
DEFINE synopsys  ./SYNOPSYS
|
xmelab: *W,DLCPTH (/Tools/cadence/XCELIUMMAIN2303/tools/inca/files/cdsvhdl.lib,2): cds.lib Invalid path '/Tools/cadence/XCELIUMMAIN2303/tools/inca/files/SYNOPSYS' (cds.lib command ignored).
DEFINE ieee      ./IEEE
|
xmelab: *W,DLCPTH (/Tools/cadence/XCELIUMMAIN2303/tools/inca/files/cdsvhdl.lib,3): cds.lib Invalid path '/Tools/cadence/XCELIUMMAIN2303/tools/inca/files/IEEE' (cds.lib command ignored).
DEFINE ambit     ./AMBIT
|
xmelab: *W,DLCPTH (/Tools/cadence/XCELIUMMAIN2303/tools/inca/files/cdsvhdl.lib,4): cds.lib Invalid path '/Tools/cadence/XCELIUMMAIN2303/tools/inca/files/AMBIT' (cds.lib command ignored).
DEFINE vital_memory ./VITAL_MEMORY
|
xmelab: *W,DLCPTH (/Tools/cadence/XCELIUMMAIN2303/tools/inca/files/cdsvhdl.lib,5): cds.lib Invalid path '/Tools/cadence/XCELIUMMAIN2303/tools/inca/files/VITAL_MEMORY' (cds.lib command ignored).
DEFINE ncutils ./NCUTILS
|
xmelab: *W,DLCPTH (/Tools/cadence/XCELIUMMAIN2303/tools/inca/files/cdsvhdl.lib,6): cds.lib Invalid path '/Tools/cadence/XCELIUMMAIN2303/tools/inca/files/NCUTILS' (cds.lib command ignored).
DEFINE ncinternal ./NCINTERNAL
|
xmelab: *W,DLCPTH (/Tools/cadence/XCELIUMMAIN2303/tools/inca/files/cdsvhdl.lib,7): cds.lib Invalid path '/Tools/cadence/XCELIUMMAIN2303/tools/inca/files/NCINTERNAL' (cds.lib command ignored).
DEFINE ncmodels ./NCMODELS
|
xmelab: *W,DLCPTH (/Tools/cadence/XCELIUMMAIN2303/tools/inca/files/cdsvhdl.lib,8): cds.lib Invalid path '/Tools/cadence/XCELIUMMAIN2303/tools/inca/files/NCMODELS' (cds.lib command ignored).
DEFINE xmutils ./XMUTILS
|
xmelab: *W,DLCPTH (/Tools/cadence/XCELIUMMAIN2303/tools/inca/files/cdsvhdl.lib,9): cds.lib Invalid path '/Tools/cadence/XCELIUMMAIN2303/tools/inca/files/XMUTILS' (cds.lib command ignored).
DEFINE xminternal ./XMINTERNAL
|
xmelab: *W,DLCPTH (/Tools/cadence/XCELIUMMAIN2303/tools/inca/files/cdsvhdl.lib,10): cds.lib Invalid path '/Tools/cadence/XCELIUMMAIN2303/tools/inca/files/XMINTERNAL' (cds.lib command ignored).
DEFINE xmmodels ./XMMODELS
|
xmelab: *W,DLCPTH (/Tools/cadence/XCELIUMMAIN2303/tools/inca/files/cdsvhdl.lib,11): cds.lib Invalid path '/Tools/cadence/XCELIUMMAIN2303/tools/inca/files/XMMODELS' (cds.lib command ignored).
DEFINE cds_assertions ./CDS_ASSERTIONS
|
xmelab: *W,DLCPTH (/Tools/cadence/XCELIUMMAIN2303/tools/inca/files/cdsvhdl.lib,12): cds.lib Invalid path '/Tools/cadence/XCELIUMMAIN2303/tools/inca/files/CDS_ASSERTIONS' (cds.lib command ignored).
DEFINE cds_inhconn ./CDS_INHCONN
|
xmelab: *W,DLCPTH (/Tools/cadence/XCELIUMMAIN2303/tools/inca/files/cdsvhdl.lib,13): cds.lib Invalid path '/Tools/cadence/XCELIUMMAIN2303/tools/inca/files/CDS_INHCONN' (cds.lib command ignored).
DEFINE cds_spicelib ./CDS_SPICELIB
|
xmelab: *W,DLCPTH (/Tools/cadence/XCELIUMMAIN2303/tools/inca/files/cdsvhdl.lib,14): cds.lib Invalid path '/Tools/cadence/XCELIUMMAIN2303/tools/inca/files/CDS_SPICELIB' (cds.lib command ignored).
DEFINE cds_amsfunctions ./CDS_AMSFUNCTIONS
|
xmelab: *W,DLCPTH (/Tools/cadence/XCELIUMMAIN2303/tools/inca/files/cdsvhdl.lib,15): cds.lib Invalid path '/Tools/cadence/XCELIUMMAIN2303/tools/inca/files/CDS_AMSFUNCTIONS' (cds.lib command ignored).
		Caching library 'worklib' ....... Done
	Elaborating the design hierarchy:
	Top level design units:
		alu_test
    .opcode    ( opcode    ),
                      |
xmelab: *W,CUVMPW (./alu_test.v,20|22): port sizes differ in port connection(3/4) for the instance(alu_test) .
	Building instance overlay tables: .................... Done
	Generating native compiled code:
DEFINE std       ./STD
|
xmvlog_cg: *W,DLCPTH (/Tools/cadence/XCELIUMMAIN2303/tools/inca/files/cdsvhdl.lib,1): cds.lib Invalid path '/Tools/cadence/XCELIUMMAIN2303/tools/inca/files/STD' (cds.lib command ignored).
DEFINE synopsys  ./SYNOPSYS
|
xmvlog_cg: *W,DLCPTH (/Tools/cadence/XCELIUMMAIN2303/tools/inca/files/cdsvhdl.lib,2): cds.lib Invalid path '/Tools/cadence/XCELIUMMAIN2303/tools/inca/files/SYNOPSYS' (cds.lib command ignored).
DEFINE ieee      ./IEEE
|
xmvlog_cg: *W,DLCPTH (/Tools/cadence/XCELIUMMAIN2303/tools/inca/files/cdsvhdl.lib,3): cds.lib Invalid path '/Tools/cadence/XCELIUMMAIN2303/tools/inca/files/IEEE' (cds.lib command ignored).
DEFINE ambit     ./AMBIT
|
xmvlog_cg: *W,DLCPTH (/Tools/cadence/XCELIUMMAIN2303/tools/inca/files/cdsvhdl.lib,4): cds.lib Invalid path '/Tools/cadence/XCELIUMMAIN2303/tools/inca/files/AMBIT' (cds.lib command ignored).
DEFINE vital_memory ./VITAL_MEMORY
|
xmvlog_cg: *W,DLCPTH (/Tools/cadence/XCELIUMMAIN2303/tools/inca/files/cdsvhdl.lib,5): cds.lib Invalid path '/Tools/cadence/XCELIUMMAIN2303/tools/inca/files/VITAL_MEMORY' (cds.lib command ignored).
DEFINE ncutils ./NCUTILS
|
xmvlog_cg: *W,DLCPTH (/Tools/cadence/XCELIUMMAIN2303/tools/inca/files/cdsvhdl.lib,6): cds.lib Invalid path '/Tools/cadence/XCELIUMMAIN2303/tools/inca/files/NCUTILS' (cds.lib command ignored).
DEFINE ncinternal ./NCINTERNAL
|
xmvlog_cg: *W,DLCPTH (/Tools/cadence/XCELIUMMAIN2303/tools/inca/files/cdsvhdl.lib,7): cds.lib Invalid path '/Tools/cadence/XCELIUMMAIN2303/tools/inca/files/NCINTERNAL' (cds.lib command ignored).
DEFINE ncmodels ./NCMODELS
|
xmvlog_cg: *W,DLCPTH (/Tools/cadence/XCELIUMMAIN2303/tools/inca/files/cdsvhdl.lib,8): cds.lib Invalid path '/Tools/cadence/XCELIUMMAIN2303/tools/inca/files/NCMODELS' (cds.lib command ignored).
DEFINE xmutils ./XMUTILS
|
xmvlog_cg: *W,DLCPTH (/Tools/cadence/XCELIUMMAIN2303/tools/inca/files/cdsvhdl.lib,9): cds.lib Invalid path '/Tools/cadence/XCELIUMMAIN2303/tools/inca/files/XMUTILS' (cds.lib command ignored).
DEFINE xminternal ./XMINTERNAL
|
xmvlog_cg: *W,DLCPTH (/Tools/cadence/XCELIUMMAIN2303/tools/inca/files/cdsvhdl.lib,10): cds.lib Invalid path '/Tools/cadence/XCELIUMMAIN2303/tools/inca/files/XMINTERNAL' (cds.lib command ignored).
DEFINE xmmodels ./XMMODELS
|
xmvlog_cg: *W,DLCPTH (/Tools/cadence/XCELIUMMAIN2303/tools/inca/files/cdsvhdl.lib,11): cds.lib Invalid path '/Tools/cadence/XCELIUMMAIN2303/tools/inca/files/XMMODELS' (cds.lib command ignored).
DEFINE cds_assertions ./CDS_ASSERTIONS
|
xmvlog_cg: *W,DLCPTH (/Tools/cadence/XCELIUMMAIN2303/tools/inca/files/cdsvhdl.lib,12): cds.lib Invalid path '/Tools/cadence/XCELIUMMAIN2303/tools/inca/files/CDS_ASSERTIONS' (cds.lib command ignored).
DEFINE cds_inhconn ./CDS_INHCONN
|
xmvlog_cg: *W,DLCPTH (/Tools/cadence/XCELIUMMAIN2303/tools/inca/files/cdsvhdl.lib,13): cds.lib Invalid path '/Tools/cadence/XCELIUMMAIN2303/tools/inca/files/CDS_INHCONN' (cds.lib command ignored).
DEFINE cds_spicelib ./CDS_SPICELIB
|
xmvlog_cg: *W,DLCPTH (/Tools/cadence/XCELIUMMAIN2303/tools/inca/files/cdsvhdl.lib,14): cds.lib Invalid path '/Tools/cadence/XCELIUMMAIN2303/tools/inca/files/CDS_SPICELIB' (cds.lib command ignored).
DEFINE cds_amsfunctions ./CDS_AMSFUNCTIONS
|
xmvlog_cg: *W,DLCPTH (/Tools/cadence/XCELIUMMAIN2303/tools/inca/files/cdsvhdl.lib,15): cds.lib Invalid path '/Tools/cadence/XCELIUMMAIN2303/tools/inca/files/CDS_AMSFUNCTIONS' (cds.lib command ignored).
		worklib.alu_test:v <0x2c0920ce>
			streams:   5, words: 14092
	Building instance specific data structures.
	Loading native compiled code:     .................... Done
	Design hierarchy summary:
		             Instances  Unique
		Modules:             2       2
		Registers:           8       8
		Scalar wires:        2       -
		Vectored wires:      4       -
		Always blocks:       1       1
		Initial blocks:      1       1
		Cont. assignments:   1       1
		Pseudo assignments:  3       -
	Writing initial simulation snapshot: worklib.alu_test:v
DEFINE std       ./STD
|
xmsim: *W,DLCPTH (/Tools/cadence/XCELIUMMAIN2303/tools/inca/files/cdsvhdl.lib,1): cds.lib Invalid path '/Tools/cadence/XCELIUMMAIN2303/tools/inca/files/STD' (cds.lib command ignored).
DEFINE synopsys  ./SYNOPSYS
|
xmsim: *W,DLCPTH (/Tools/cadence/XCELIUMMAIN2303/tools/inca/files/cdsvhdl.lib,2): cds.lib Invalid path '/Tools/cadence/XCELIUMMAIN2303/tools/inca/files/SYNOPSYS' (cds.lib command ignored).
DEFINE ieee      ./IEEE
|
xmsim: *W,DLCPTH (/Tools/cadence/XCELIUMMAIN2303/tools/inca/files/cdsvhdl.lib,3): cds.lib Invalid path '/Tools/cadence/XCELIUMMAIN2303/tools/inca/files/IEEE' (cds.lib command ignored).
DEFINE ambit     ./AMBIT
|
xmsim: *W,DLCPTH (/Tools/cadence/XCELIUMMAIN2303/tools/inca/files/cdsvhdl.lib,4): cds.lib Invalid path '/Tools/cadence/XCELIUMMAIN2303/tools/inca/files/AMBIT' (cds.lib command ignored).
DEFINE vital_memory ./VITAL_MEMORY
|
xmsim: *W,DLCPTH (/Tools/cadence/XCELIUMMAIN2303/tools/inca/files/cdsvhdl.lib,5): cds.lib Invalid path '/Tools/cadence/XCELIUMMAIN2303/tools/inca/files/VITAL_MEMORY' (cds.lib command ignored).
DEFINE ncutils ./NCUTILS
|
xmsim: *W,DLCPTH (/Tools/cadence/XCELIUMMAIN2303/tools/inca/files/cdsvhdl.lib,6): cds.lib Invalid path '/Tools/cadence/XCELIUMMAIN2303/tools/inca/files/NCUTILS' (cds.lib command ignored).
DEFINE ncinternal ./NCINTERNAL
|
xmsim: *W,DLCPTH (/Tools/cadence/XCELIUMMAIN2303/tools/inca/files/cdsvhdl.lib,7): cds.lib Invalid path '/Tools/cadence/XCELIUMMAIN2303/tools/inca/files/NCINTERNAL' (cds.lib command ignored).
DEFINE ncmodels ./NCMODELS
|
xmsim: *W,DLCPTH (/Tools/cadence/XCELIUMMAIN2303/tools/inca/files/cdsvhdl.lib,8): cds.lib Invalid path '/Tools/cadence/XCELIUMMAIN2303/tools/inca/files/NCMODELS' (cds.lib command ignored).
DEFINE xmutils ./XMUTILS
|
xmsim: *W,DLCPTH (/Tools/cadence/XCELIUMMAIN2303/tools/inca/files/cdsvhdl.lib,9): cds.lib Invalid path '/Tools/cadence/XCELIUMMAIN2303/tools/inca/files/XMUTILS' (cds.lib command ignored).
DEFINE xminternal ./XMINTERNAL
|
xmsim: *W,DLCPTH (/Tools/cadence/XCELIUMMAIN2303/tools/inca/files/cdsvhdl.lib,10): cds.lib Invalid path '/Tools/cadence/XCELIUMMAIN2303/tools/inca/files/XMINTERNAL' (cds.lib command ignored).
DEFINE xmmodels ./XMMODELS
|
xmsim: *W,DLCPTH (/Tools/cadence/XCELIUMMAIN2303/tools/inca/files/cdsvhdl.lib,11): cds.lib Invalid path '/Tools/cadence/XCELIUMMAIN2303/tools/inca/files/XMMODELS' (cds.lib command ignored).
DEFINE cds_assertions ./CDS_ASSERTIONS
|
xmsim: *W,DLCPTH (/Tools/cadence/XCELIUMMAIN2303/tools/inca/files/cdsvhdl.lib,12): cds.lib Invalid path '/Tools/cadence/XCELIUMMAIN2303/tools/inca/files/CDS_ASSERTIONS' (cds.lib command ignored).
DEFINE cds_inhconn ./CDS_INHCONN
|
xmsim: *W,DLCPTH (/Tools/cadence/XCELIUMMAIN2303/tools/inca/files/cdsvhdl.lib,13): cds.lib Invalid path '/Tools/cadence/XCELIUMMAIN2303/tools/inca/files/CDS_INHCONN' (cds.lib command ignored).
DEFINE cds_spicelib ./CDS_SPICELIB
|
xmsim: *W,DLCPTH (/Tools/cadence/XCELIUMMAIN2303/tools/inca/files/cdsvhdl.lib,14): cds.lib Invalid path '/Tools/cadence/XCELIUMMAIN2303/tools/inca/files/CDS_SPICELIB' (cds.lib command ignored).
DEFINE cds_amsfunctions ./CDS_AMSFUNCTIONS
|
xmsim: *W,DLCPTH (/Tools/cadence/XCELIUMMAIN2303/tools/inca/files/cdsvhdl.lib,15): cds.lib Invalid path '/Tools/cadence/XCELIUMMAIN2303/tools/inca/files/CDS_AMSFUNCTIONS' (cds.lib command ignored).
Loading snapshot worklib.alu_test:v .................... Done
xcelium> source /Tools/cadence/XCELIUMMAIN2303/tools/xcelium/files/xmsimrc
xcelium> run
At time 1 opcode=000 in_a=01000010 in_b=10000110 a_is_zero=0 alu_out=01000010
At time 2 opcode=001 in_a=01000010 in_b=10000110 a_is_zero=0 alu_out=01000010
At time 3 opcode=010 in_a=01000010 in_b=10000110 a_is_zero=0 alu_out=11001000
At time 4 opcode=011 in_a=01000010 in_b=10000110 a_is_zero=0 alu_out=00000010
At time 5 opcode=100 in_a=01000010 in_b=10000110 a_is_zero=0 alu_out=11000100
At time 6 opcode=101 in_a=01000010 in_b=10000110 a_is_zero=0 alu_out=10000110
At time 7 opcode=110 in_a=01000010 in_b=10000110 a_is_zero=0 alu_out=01000010
At time 8 opcode=111 in_a=01000010 in_b=10000110 a_is_zero=0 alu_out=01000010
At time 9 opcode=111 in_a=00000000 in_b=10000110 a_is_zero=1 alu_out=00000000
TEST PASSED
Simulation complete via $finish(1) at time 9 NS + 0
./alu_test.v:57     $finish;
xcelium> exit
TOOL:	xrun(64)	23.03-s004: Exiting on Aug 08, 2023 at 20:24:48 -03  (total: 00:00:01)
